Sun Feb  6 07:38:46 UTC 2022
Mon Feb  7 00:55:53 UTC 2022
Tue Feb  8 00:58:10 UTC 2022
Wed Feb  9 01:00:36 UTC 2022
Thu Feb 10 00:58:05 UTC 2022
Fri Feb 11 01:01:52 UTC 2022
Sat Feb 12 01:00:27 UTC 2022
Sun Feb 13 01:01:23 UTC 2022
Mon Feb 14 00:55:03 UTC 2022
Tue Feb 15 01:04:50 UTC 2022
Wed Feb 16 01:00:42 UTC 2022
Thu Feb 17 00:53:28 UTC 2022
Fri Feb 18 01:03:54 UTC 2022
Sat Feb 19 01:00:37 UTC 2022
Sun Feb 20 01:04:38 UTC 2022
Mon Feb 21 00:57:24 UTC 2022
Tue Feb 22 00:58:56 UTC 2022
Wed Feb 23 01:07:02 UTC 2022
Thu Feb 24 01:03:43 UTC 2022
Fri Feb 25 01:03:50 UTC 2022
Sat Feb 26 00:57:54 UTC 2022
Sun Feb 27 01:04:08 UTC 2022
Mon Feb 28 01:02:54 UTC 2022
Tue Mar  1 01:11:43 UTC 2022
Wed Mar  2 01:06:59 UTC 2022
Thu Mar  3 01:07:39 UTC 2022
Fri Mar  4 01:11:46 UTC 2022
Sat Mar  5 01:05:45 UTC 2022
Sun Mar  6 01:04:06 UTC 2022
Mon Mar  7 01:05:32 UTC 2022
Tue Mar  8 01:03:36 UTC 2022
Wed Mar  9 01:08:17 UTC 2022
Thu Mar 10 01:11:14 UTC 2022
Fri Mar 11 01:09:55 UTC 2022
Sat Mar 12 01:01:45 UTC 2022
Sun Mar 13 01:03:25 UTC 2022
Mon Mar 14 01:06:32 UTC 2022
Tue Mar 15 01:08:37 UTC 2022
